2013-11-02 23:54:25,842 [4] INFO  FluorineFx.FluorineGateway - Adding handler for the DomainUnload event
2013-11-02 23:54:28,779 [4] INFO  FluorineFx.FluorineGateway - Aquire ServiceBrowser renderer
2013-11-02 23:54:29,412 [4] DEBUG FluorineFx.TypeHelper - Checking FluorineFx location
2013-11-02 23:54:29,412 [4] DEBUG FluorineFx.TypeHelper - Adding LAC location C:\Windows\Microsoft.NET\Framework\v2.0.50727\Temporary ASP.NET Files\zxl.exchange.service.website\6530d31b\51790aa\assembly\dl3\de0a4a8a\00cc76dd_5c44c901
2013-11-02 23:54:29,413 [4] DEBUG FluorineFx.TypeHelper - Checking DynamicDirectory
2013-11-02 23:54:29,413 [4] DEBUG FluorineFx.TypeHelper - Adding LAC location C:\Windows\Microsoft.NET\Framework\v2.0.50727\Temporary ASP.NET Files\zxl.exchange.service.website\6530d31b
2013-11-02 23:54:29,414 [4] DEBUG FluorineFx.TypeHelper - Checking Request PhysicalApplicationPath
2013-11-02 23:54:29,414 [4] DEBUG FluorineFx.TypeHelper - Adding LAC location E:\Exchange\ZXL.Exchange.Engine\ZXL.Exchange.Service.WebSite\bin
2013-11-02 23:54:29,414 [4] DEBUG FluorineFx.TypeHelper - Adding LAC location E:\Exchange\ZXL.Exchange.Engine\ZXL.Exchange.Service.WebSite\Bin
2013-11-02 23:54:29,464 [4] DEBUG FluorineFx.TypeHelper - TypeHelper probing assembly C:\Windows\Microsoft.NET\Framework\v2.0.50727\Temporary ASP.NET Files\zxl.exchange.service.website\6530d31b\51790aa\assembly\dl3\de0a4a8a\00cc76dd_5c44c901\FluorineFx.DLL
2013-11-02 23:54:29,489 [4] DEBUG FluorineFx.TypeHelper - TypeHelper probing assembly C:\Windows\Microsoft.NET\Framework\v2.0.50727\Temporary ASP.NET Files\zxl.exchange.service.website\6530d31b\51790aa\assembly\dl3\0f78c565\00beb281_ec53c601\log4net.DLL
2013-11-02 23:54:29,494 [4] DEBUG FluorineFx.TypeHelper - TypeHelper probing assembly C:\Windows\Microsoft.NET\Framework\v2.0.50727\Temporary ASP.NET Files\zxl.exchange.service.website\6530d31b\51790aa\assembly\dl3\de0a4a8a\00cc76dd_5c44c901\FluorineFx.DLL
2013-11-02 23:54:29,498 [4] DEBUG FluorineFx.TypeHelper - TypeHelper probing assembly E:\Exchange\ZXL.Exchange.Engine\ZXL.Exchange.Service.WebSite\bin\antlr.runtime.dll
2013-11-02 23:54:29,685 [4] DEBUG FluorineFx.TypeHelper - TypeHelper probing assembly E:\Exchange\ZXL.Exchange.Engine\ZXL.Exchange.Service.WebSite\bin\FluorineFx.dll
2013-11-02 23:54:29,689 [4] DEBUG FluorineFx.TypeHelper - TypeHelper probing assembly E:\Exchange\ZXL.Exchange.Engine\ZXL.Exchange.Service.WebSite\bin\FluorineFx.ServiceBrowser.dll
2013-11-02 23:54:29,762 [4] INFO  FluorineFx.FluorineGateway - Aquired ServiceBrowser renderer
2013-11-02 23:54:29,762 [4] INFO  FluorineFx.FluorineGateway - ************************************
2013-11-02 23:54:29,762 [4] INFO  FluorineFx.FluorineGateway - Starting FluorineFx Gateway
2013-11-02 23:54:29,763 [4] INFO  FluorineFx.FluorineGateway - FluorineFx version 1.0.0.15
2013-11-02 23:54:29,763 [4] INFO  FluorineFx.FluorineGateway - ************************************
2013-11-02 23:54:29,763 [4] INFO  FluorineFx.FluorineGateway - Creating Message Server
2013-11-02 23:54:29,800 [4] DEBUG FluorineFx.Messaging.Config.ServiceConfigSettings - Loading services configuration file E:\Exchange\ZXL.Exchange.Engine\ZXL.Exchange.Service.WebSite\WEB-INF\flex\services-config.xml
2013-11-02 23:54:29,857 [4] DEBUG FluorineFx.Messaging.Config.ServiceConfigSettings - Loading configuration file E:\Exchange\ZXL.Exchange.Engine\ZXL.Exchange.Service.WebSite\WEB-INF\flex\remoting-config.xml
2013-11-02 23:54:29,959 [4] INFO  FluorineFx.Messaging.MessageServer - Starting Message Broker
2013-11-02 23:54:30,054 [4] INFO  FluorineFx.Messaging.Endpoints.RtmpEndpoint - Starting RtmpEndpoint
2013-11-02 23:54:30,056 [4] INFO  FluorineFx.Messaging.Endpoints.RtmpEndpoint - Starting server, listening on port 1937
2013-11-02 23:54:30,062 [4] INFO  FluorineFx.Messaging.Rtmp.RtmpServer - Starting SocketServer
2013-11-02 23:54:30,106 [4] INFO  FluorineFx.Messaging.Rtmp.RtmpServer - Started SocketServer
2013-11-02 23:54:30,106 [4] INFO  FluorineFx.Messaging.Endpoints.RtmpEndpoint - Started RtmpEndpoint
2013-11-02 23:54:30,106 [4] INFO  FluorineFx.FluorineGateway - Message Server started
2013-11-02 23:58:20,170 [2] INFO  FluorineFx.Messaging.MessageServer - Stopping Message Broker
2013-11-02 23:58:20,172 [2] INFO  FluorineFx.Messaging.Endpoints.RtmpEndpoint - Stopping RtmpEndpoint
2013-11-02 23:58:20,172 [2] INFO  FluorineFx.Messaging.Rtmp.RtmpServer - Stopping SocketServer
2013-11-02 23:58:20,175 [2] INFO  FluorineFx.Messaging.Rtmp.RtmpServer - Stopped SocketServer
2013-11-02 23:58:20,176 [2] INFO  FluorineFx.Messaging.Rtmp.RtmpServer - Stopping SocketServer
2013-11-02 23:58:20,176 [2] INFO  FluorineFx.Messaging.Rtmp.RtmpServer - Stopped SocketServer
2013-11-02 23:58:20,176 [2] INFO  FluorineFx.Messaging.Endpoints.RtmpEndpoint - Stopped RtmpEndpoint
2013-11-02 23:58:20,299 [2] INFO  FluorineFx.FluorineGateway - Stopped FluorineFx Gateway
